cl : 命令行 warning D9035: “Gm”选项已否决，并将在将来的版本中移除
  DrateStatistics.cpp
d:\wxh\heikecur\networktt\heikeserver\src\demo\demoaudio\dratestatistics.cpp(61): warning C4244: “-=”: 从“const TPR_INT64”转换到“TPR_UINT32”，可能丢失数据
  正在生成代码...
  正在编译...
  probe.cpp
  audio.cpp
d:\wxh\heikecur\networktt\heikeserver\src\demo\demoaudio\audio.cpp(186): warning C4101: “iPacketType”: 未引用的局部变量
d:\wxh\heikecur\networktt\heikeserver\src\demo\demoaudio\audio.cpp(187): warning C4101: “bData”: 未引用的局部变量
  正在生成代码...
  正在编译...
  qos.cpp
  netReceiver.cpp
  file.cpp
d:\wxh\heikecur\networktt\heikeserver\src\demo\demoaudio\file.cpp(44): warning C4244: “=”: 从“TPR_UINT16”转换到“unsigned char”，可能丢失数据
d:\wxh\heikecur\networktt\heikeserver\src\demo\demoaudio\file.cpp(158): warning C4244: “-=”: 从“TPR_INT64”转换到“int”，可能丢失数据
  config.cpp
  正在生成代码...
d:\wxh\heikecur\networktt\heikeserver\src\demo\demoaudio\file.cpp(115): warning C4715: “File::SetBitRate”: 不是所有的控件路径都返回值
  DemoAudio.vcxproj -> D:\wxh\heikecur\NetworkTT\heikeServer\src\demo\DemoAudio\..\..\..\bin\DemoAudio.exe
