[2019-07-26 0458.980][0x000000e0][ERROR]<[133] - NPQosImpl::SetParam> m_struOuterPram.m_enQosConfig=8  bAudio=0
[2019-07-26 0462.075][0x00002464][DEBUG]<[128] - ReceiverStatistics::NotePacketStat> [key]InputDiffR=1564117662075000
[2019-07-26 0462.075][0x00002464][DEBUG]<[75] - OuterParam::DoCallback> [key]frameDelayUutR=0
[2019-07-26 0462.075][0x00002464][DEBUG]<[133] - ReceiverStatistics::NotePacketStat> [key]outputDiffR=1564117662075000
[2019-07-26 0462.075][0x00002464][0INFO]<[204] - ReceiverStatisticsWrap::NotePacketStat> [key]realLoss = 0
[2019-07-26 0462.075][0x00002464][0INFO]<[206] - ReceiverStatisticsWrap::NotePacketStat> real jitter = 0
[2019-07-26 0462.114][0x00002464][DEBUG]<[128] - ReceiverStatistics::NotePacketStat> [key]InputDiffR=39000
[2019-07-26 0462.114][0x00002464][DEBUG]<[75] - OuterParam::DoCallback> [key]frameDelayUutR=0
[2019-07-26 0462.114][0x00002464][DEBUG]<[133] - ReceiverStatistics::NotePacketStat> [key]outputDiffR=39000
[2019-07-26 0462.154][0x00002464][DEBUG]<[128] - ReceiverStatistics::NotePacketStat> [key]InputDiffR=40000
[2019-07-26 0462.154][0x00002464][DEBUG]<[75] - OuterParam::DoCallback> [key]frameDelayUutR=0
[2019-07-26 0462.154][0x00002464][DEBUG]<[133] - ReceiverStatistics::NotePacketStat> [key]outputDiffR=40000
[2019-07-26 0462.194][0x00002464][DEBUG]<[128] - ReceiverStatistics::NotePacketStat> [key]InputDiffR=40000
[2019-07-26 0462.194][0x00002464][DEBUG]<[75] - OuterParam::DoCallback> [key]frameDelayUutR=0
[2019-07-26 0462.194][0x00002464][DEBUG]<[133] - ReceiverStatistics::NotePacketStat> [key]outputDiffR=40000
[2019-07-26 0462.234][0x00002464][DEBUG]<[128] - ReceiverStatistics::NotePacketStat> [key]InputDiffR=40000
[2019-07-26 0462.234][0x00002464][DEBUG]<[75] - OuterParam::DoCallback> [key]frameDelayUutR=0
[2019-07-26 0462.234][0x00002464][DEBUG]<[133] - ReceiverStatistics::NotePacketStat> [key]outputDiffR=40000
[2019-07-26 0462.274][0x00002464][DEBUG]<[128] - ReceiverStatistics::NotePacketStat> [key]InputDiffR=40000
[2019-07-26 0462.274][0x00002464][DEBUG]<[75] - OuterParam::DoCallback> [key]frameDelayUutR=0
[2019-07-26 0462.274][0x00002464][DEBUG]<[133] - ReceiverStatistics::NotePacketStat> [key]outputDiffR=40000
[2019-07-26 0462.314][0x00002464][DEBUG]<[128] - ReceiverStatistics::NotePacketStat> [key]InputDiffR=40000
[2019-07-26 0462.314][0x00002464][DEBUG]<[75] - OuterParam::DoCallback> [key]frameDelayUutR=0
[2019-07-26 0462.314][0x00002464][DEBUG]<[133] - ReceiverStatistics::NotePacketStat> [key]outputDiffR=40000
[2019-07-26 0462.354][0x00002464][DEBUG]<[128] - ReceiverStatistics::NotePacketStat> [key]InputDiffR=40000
[2019-07-26 0462.354][0x00002464][DEBUG]<[75] - OuterParam::DoCallback> [key]frameDelayUutR=0
[2019-07-26 0462.354][0x00002464][DEBUG]<[133] - ReceiverStatistics::NotePacketStat> [key]outputDiffR=40000
[2019-07-26 0462.394][0x00002464][DEBUG]<[128] - ReceiverStatistics::NotePacketStat> [key]InputDiffR=40000
[2019-07-26 0462.394][0x00002464][DEBUG]<[75] - OuterParam::DoCallback> [key]frameDelayUutR=0
[2019-07-26 0462.394][0x00002464][DEBUG]<[133] - ReceiverStatistics::NotePacketStat> [key]outputDiffR=40000
[2019-07-26 0462.434][0x00002464][DEBUG]<[128] - ReceiverStatistics::NotePacketStat> [key]InputDiffR=40000
[2019-07-26 0462.434][0x00002464][DEBUG]<[75] - OuterParam::DoCallback> [key]frameDelayUutR=0
[2019-07-26 0462.434][0x00002464][DEBUG]<[133] - ReceiverStatistics::NotePacketStat> [key]outputDiffR=40000
[2019-07-26 0462.474][0x00002464][DEBUG]<[128] - ReceiverStatistics::NotePacketStat> [key]InputDiffR=40000
[2019-07-26 0462.474][0x00002464][DEBUG]<[75] - OuterParam::DoCallback> [key]frameDelayUutR=0
[2019-07-26 0462.474][0x00002464][DEBUG]<[133] - ReceiverStatistics::NotePacketStat> [key]outputDiffR=40000
[2019-07-26 0462.514][0x00002464][DEBUG]<[128] - ReceiverStatistics::NotePacketStat> [key]InputDiffR=40000
[2019-07-26 0462.514][0x00002464][DEBUG]<[75] - OuterParam::DoCallback> [key]frameDelayUutR=0
[2019-07-26 0462.514][0x00002464][DEBUG]<[133] - ReceiverStatistics::NotePacketStat> [key]outputDiffR=40000
[2019-07-26 0462.554][0x00002464][DEBUG]<[128] - ReceiverStatistics::NotePacketStat> [key]InputDiffR=40000
[2019-07-26 0462.554][0x00002464][DEBUG]<[75] - OuterParam::DoCallback> [key]frameDelayUutR=0
[2019-07-26 0462.554][0x00002464][DEBUG]<[133] - ReceiverStatistics::NotePacketStat> [key]outputDiffR=40000
[2019-07-26 0462.594][0x00002464][DEBUG]<[128] - ReceiverStatistics::NotePacketStat> [key]InputDiffR=40000
[2019-07-26 0462.594][0x00002464][DEBUG]<[75] - OuterParam::DoCallback> [key]frameDelayUutR=0
[2019-07-26 0462.594][0x00002464][DEBUG]<[133] - ReceiverStatistics::NotePacketStat> [key]outputDiffR=40000
[2019-07-26 0462.634][0x00002464][DEBUG]<[128] - ReceiverStatistics::NotePacketStat> [key]InputDiffR=40000
[2019-07-26 0462.634][0x00002464][DEBUG]<[75] - OuterParam::DoCallback> [key]frameDelayUutR=0
[2019-07-26 0462.634][0x00002464][DEBUG]<[133] - ReceiverStatistics::NotePacketStat> [key]outputDiffR=40000
[2019-07-26 0462.674][0x00002464][DEBUG]<[128] - ReceiverStatistics::NotePacketStat> [key]InputDiffR=40000
[2019-07-26 0462.674][0x00002464][DEBUG]<[75] - OuterParam::DoCallback> [key]frameDelayUutR=0
[2019-07-26 0462.674][0x00002464][DEBUG]<[133] - ReceiverStatistics::NotePacketStat> [key]outputDiffR=40000
[2019-07-26 0462.714][0x00002464][DEBUG]<[128] - ReceiverStatistics::NotePacketStat> [key]InputDiffR=40000
[2019-07-26 0462.714][0x00002464][DEBUG]<[75] - OuterParam::DoCallback> [key]frameDelayUutR=0
[2019-07-26 0462.714][0x00002464][DEBUG]<[133] - ReceiverStatistics::NotePacketStat> [key]outputDiffR=40000
[2019-07-26 0462.754][0x00002464][DEBUG]<[128] - ReceiverStatistics::NotePacketStat> [key]InputDiffR=40000
[2019-07-26 0462.754][0x00002464][DEBUG]<[75] - OuterParam::DoCallback> [key]frameDelayUutR=0
[2019-07-26 0462.754][0x00002464][DEBUG]<[133] - ReceiverStatistics::NotePacketStat> [key]outputDiffR=40000
[2019-07-26 0462.794][0x00002464][DEBUG]<[128] - ReceiverStatistics::NotePacketStat> [key]InputDiffR=40000
[2019-07-26 0462.794][0x00002464][DEBUG]<[75] - OuterParam::DoCallback> [key]frameDelayUutR=0
[2019-07-26 0462.794][0x00002464][DEBUG]<[133] - ReceiverStatistics::NotePacketStat> [key]outputDiffR=40000
[2019-07-26 0462.834][0x00002464][DEBUG]<[128] - ReceiverStatistics::NotePacketStat> [key]InputDiffR=40000
[2019-07-26 0462.834][0x00002464][DEBUG]<[75] - OuterParam::DoCallback> [key]frameDelayUutR=0
[2019-07-26 0462.834][0x00002464][DEBUG]<[133] - ReceiverStatistics::NotePacketStat> [key]outputDiffR=40000
[2019-07-26 0462.874][0x00002464][DEBUG]<[128] - ReceiverStatistics::NotePacketStat> [key]InputDiffR=40000
[2019-07-26 0462.874][0x00002464][DEBUG]<[75] - OuterParam::DoCallback> [key]frameDelayUutR=0
[2019-07-26 0462.874][0x00002464][DEBUG]<[133] - ReceiverStatistics::NotePacketStat> [key]outputDiffR=40000
[2019-07-26 0462.914][0x00002464][DEBUG]<[128] - ReceiverStatistics::NotePacketStat> [key]InputDiffR=40000
[2019-07-26 0462.914][0x00002464][DEBUG]<[75] - OuterParam::DoCallback> [key]frameDelayUutR=0
[2019-07-26 0462.914][0x00002464][DEBUG]<[133] - ReceiverStatistics::NotePacketStat> [key]outputDiffR=40000
[2019-07-26 0462.954][0x00002464][DEBUG]<[128] - ReceiverStatistics::NotePacketStat> [key]InputDiffR=40000
[2019-07-26 0462.954][0x00002464][DEBUG]<[75] - OuterParam::DoCallback> [key]frameDelayUutR=0
[2019-07-26 0462.954][0x00002464][DEBUG]<[133] - ReceiverStatistics::NotePacketStat> [key]outputDiffR=40000
[2019-07-26 0462.982][0x000024f0][0INFO]<[246] - RtcpReceiver::AddRRBlock> [iinfo]jitter =1
[2019-07-26 0462.994][0x00002464][DEBUG]<[128] - ReceiverStatistics::NotePacketStat> [key]InputDiffR=40000
[2019-07-26 0462.994][0x00002464][DEBUG]<[75] - OuterParam::DoCallback> [key]frameDelayUutR=0
[2019-07-26 0462.994][0x00002464][DEBUG]<[133] - ReceiverStatistics::NotePacketStat> [key]outputDiffR=40000
[2019-07-26 0463.034][0x00002464][DEBUG]<[128] - ReceiverStatistics::NotePacketStat> [key]InputDiffR=40000
[2019-07-26 0463.034][0x00002464][DEBUG]<[75] - OuterParam::DoCallback> [key]frameDelayUutR=0
[2019-07-26 0463.034][0x00002464][DEBUG]<[133] - ReceiverStatistics::NotePacketStat> [key]outputDiffR=40000
[2019-07-26 0463.074][0x00002464][DEBUG]<[128] - ReceiverStatistics::NotePacketStat> [key]InputDiffR=40000
[2019-07-26 0463.074][0x00002464][DEBUG]<[75] - OuterParam::DoCallback> [key]frameDelayUutR=0
[2019-07-26 0463.074][0x00002464][DEBUG]<[133] - ReceiverStatistics::NotePacketStat> [key]outputDiffR=40000
[2019-07-26 0463.114][0x00002464][DEBUG]<[128] - ReceiverStatistics::NotePacketStat> [key]InputDiffR=40000
[2019-07-26 0463.114][0x00002464][DEBUG]<[75] - OuterParam::DoCallback> [key]frameDelayUutR=0
[2019-07-26 0463.114][0x00002464][DEBUG]<[133] - ReceiverStatistics::NotePacketStat> [key]outputDiffR=40000
[2019-07-26 0463.114][0x00002464][0INFO]<[204] - ReceiverStatisticsWrap::NotePacketStat> [key]realLoss = 0
[2019-07-26 0463.114][0x00002464][0INFO]<[206] - ReceiverStatisticsWrap::NotePacketStat> real jitter = 1
[2019-07-26 0463.154][0x00002464][DEBUG]<[128] - ReceiverStatistics::NotePacketStat> [key]InputDiffR=40000
[2019-07-26 0463.154][0x00002464][DEBUG]<[75] - OuterParam::DoCallback> [key]frameDelayUutR=0
[2019-07-26 0463.154][0x00002464][DEBUG]<[133] - ReceiverStatistics::NotePacketStat> [key]outputDiffR=40000
[2019-07-26 0463.194][0x00002464][DEBUG]<[128] - ReceiverStatistics::NotePacketStat> [key]InputDiffR=40000
[2019-07-26 0463.194][0x00002464][DEBUG]<[75] - OuterParam::DoCallback> [key]frameDelayUutR=0
[2019-07-26 0463.194][0x00002464][DEBUG]<[133] - ReceiverStatistics::NotePacketStat> [key]outputDiffR=40000
[2019-07-26 0463.234][0x00002464][DEBUG]<[128] - ReceiverStatistics::NotePacketStat> [key]InputDiffR=40000
[2019-07-26 0463.234][0x00002464][DEBUG]<[75] - OuterParam::DoCallback> [key]frameDelayUutR=0
[2019-07-26 0463.234][0x00002464][DEBUG]<[133] - ReceiverStatistics::NotePacketStat> [key]outputDiffR=40000
[2019-07-26 0463.274][0x00002464][DEBUG]<[128] - ReceiverStatistics::NotePacketStat> [key]InputDiffR=40000
[2019-07-26 0463.274][0x00002464][DEBUG]<[75] - OuterParam::DoCallback> [key]frameDelayUutR=0
[2019-07-26 0463.274][0x00002464][DEBUG]<[133] - ReceiverStatistics::NotePacketStat> [key]outputDiffR=40000
[2019-07-26 0463.314][0x00002464][DEBUG]<[128] - ReceiverStatistics::NotePacketStat> [key]InputDiffR=40000
[2019-07-26 0463.314][0x00002464][DEBUG]<[75] - OuterParam::DoCallback> [key]frameDelayUutR=0
[2019-07-26 0463.314][0x00002464][DEBUG]<[133] - ReceiverStatistics::NotePacketStat> [key]outputDiffR=40000
[2019-07-26 0463.354][0x00002464][DEBUG]<[128] - ReceiverStatistics::NotePacketStat> [key]InputDiffR=40000
[2019-07-26 0463.354][0x00002464][DEBUG]<[75] - OuterParam::DoCallback> [key]frameDelayUutR=0
[2019-07-26 0463.354][0x00002464][DEBUG]<[133] - ReceiverStatistics::NotePacketStat> [key]outputDiffR=40000
[2019-07-26 0463.394][0x00002464][DEBUG]<[128] - ReceiverStatistics::NotePacketStat> [key]InputDiffR=40000
[2019-07-26 0463.394][0x00002464][DEBUG]<[75] - OuterParam::DoCallback> [key]frameDelayUutR=0
[2019-07-26 0463.394][0x00002464][DEBUG]<[133] - ReceiverStatistics::NotePacketStat> [key]outputDiffR=40000
[2019-07-26 0463.434][0x00002464][DEBUG]<[128] - ReceiverStatistics::NotePacketStat> [key]InputDiffR=40000
[2019-07-26 0463.434][0x00002464][DEBUG]<[75] - OuterParam::DoCallback> [key]frameDelayUutR=0
[2019-07-26 0463.434][0x00002464][DEBUG]<[133] - ReceiverStatistics::NotePacketStat> [key]outputDiffR=40000
[2019-07-26 0463.474][0x00002464][DEBUG]<[128] - ReceiverStatistics::NotePacketStat> [key]InputDiffR=40000
[2019-07-26 0463.474][0x00002464][DEBUG]<[75] - OuterParam::DoCallback> [key]frameDelayUutR=0
[2019-07-26 0463.474][0x00002464][DEBUG]<[133] - ReceiverStatistics::NotePacketStat> [key]outputDiffR=40000
[2019-07-26 0463.514][0x00002464][DEBUG]<[128] - ReceiverStatistics::NotePacketStat> [key]InputDiffR=40000
[2019-07-26 0463.514][0x00002464][DEBUG]<[75] - OuterParam::DoCallback> [key]frameDelayUutR=0
[2019-07-26 0463.514][0x00002464][DEBUG]<[133] - ReceiverStatistics::NotePacketStat> [key]outputDiffR=40000
[2019-07-26 0463.554][0x00002464][DEBUG]<[128] - ReceiverStatistics::NotePacketStat> [key]InputDiffR=40000
[2019-07-26 0463.554][0x00002464][DEBUG]<[75] - OuterParam::DoCallback> [key]frameDelayUutR=0
[2019-07-26 0463.554][0x00002464][DEBUG]<[133] - ReceiverStatistics::NotePacketStat> [key]outputDiffR=40000
[2019-07-26 0463.594][0x00002464][DEBUG]<[128] - ReceiverStatistics::NotePacketStat> [key]InputDiffR=40000
[2019-07-26 0463.594][0x00002464][DEBUG]<[75] - OuterParam::DoCallback> [key]frameDelayUutR=0
[2019-07-26 0463.594][0x00002464][DEBUG]<[133] - ReceiverStatistics::NotePacketStat> [key]outputDiffR=40000
[2019-07-26 0463.634][0x00002464][DEBUG]<[128] - ReceiverStatistics::NotePacketStat> [key]InputDiffR=40000
[2019-07-26 0463.634][0x00002464][DEBUG]<[75] - OuterParam::DoCallback> [key]frameDelayUutR=0
[2019-07-26 0463.634][0x00002464][DEBUG]<[133] - ReceiverStatistics::NotePacketStat> [key]outputDiffR=40000
[2019-07-26 0463.674][0x00002464][DEBUG]<[128] - ReceiverStatistics::NotePacketStat> [key]InputDiffR=40000
[2019-07-26 0463.674][0x00002464][DEBUG]<[75] - OuterParam::DoCallback> [key]frameDelayUutR=0
[2019-07-26 0463.674][0x00002464][DEBUG]<[133] - ReceiverStatistics::NotePacketStat> [key]outputDiffR=40000
[2019-07-26 0463.714][0x00002464][DEBUG]<[128] - ReceiverStatistics::NotePacketStat> [key]InputDiffR=40000
[2019-07-26 0463.714][0x00002464][DEBUG]<[75] - OuterParam::DoCallback> [key]frameDelayUutR=0
[2019-07-26 0463.714][0x00002464][DEBUG]<[133] - ReceiverStatistics::NotePacketStat> [key]outputDiffR=40000
[2019-07-26 0463.754][0x00002464][DEBUG]<[128] - ReceiverStatistics::NotePacketStat> [key]InputDiffR=40000
[2019-07-26 0463.754][0x00002464][DEBUG]<[75] - OuterParam::DoCallback> [key]frameDelayUutR=0
[2019-07-26 0463.754][0x00002464][DEBUG]<[133] - ReceiverStatistics::NotePacketStat> [key]outputDiffR=40000
[2019-07-26 0463.794][0x00002464][DEBUG]<[128] - ReceiverStatistics::NotePacketStat> [key]InputDiffR=40000
[2019-07-26 0463.794][0x00002464][DEBUG]<[75] - OuterParam::DoCallback> [key]frameDelayUutR=0
[2019-07-26 0463.794][0x00002464][DEBUG]<[133] - ReceiverStatistics::NotePacketStat> [key]outputDiffR=40000
[2019-07-26 0463.834][0x00002464][DEBUG]<[128] - ReceiverStatistics::NotePacketStat> [key]InputDiffR=40000
[2019-07-26 0463.834][0x00002464][DEBUG]<[75] - OuterParam::DoCallback> [key]frameDelayUutR=0
[2019-07-26 0463.834][0x00002464][DEBUG]<[133] - ReceiverStatistics::NotePacketStat> [key]outputDiffR=40000
[2019-07-26 0463.874][0x00002464][DEBUG]<[128] - ReceiverStatistics::NotePacketStat> [key]InputDiffR=40000
[2019-07-26 0463.874][0x00002464][DEBUG]<[75] - OuterParam::DoCallback> [key]frameDelayUutR=0
[2019-07-26 0463.874][0x00002464][DEBUG]<[133] - ReceiverStatistics::NotePacketStat> [key]outputDiffR=40000
[2019-07-26 0463.914][0x00002464][DEBUG]<[128] - ReceiverStatistics::NotePacketStat> [key]InputDiffR=40000
[2019-07-26 0463.914][0x00002464][DEBUG]<[75] - OuterParam::DoCallback> [key]frameDelayUutR=0
[2019-07-26 0463.914][0x00002464][DEBUG]<[133] - ReceiverStatistics::NotePacketStat> [key]outputDiffR=40000
[2019-07-26 0463.954][0x00002464][DEBUG]<[128] - ReceiverStatistics::NotePacketStat> [key]InputDiffR=40000
[2019-07-26 0463.954][0x00002464][DEBUG]<[75] - OuterParam::DoCallback> [key]frameDelayUutR=0
[2019-07-26 0463.954][0x00002464][DEBUG]<[133] - ReceiverStatistics::NotePacketStat> [key]outputDiffR=40000
[2019-07-26 0463.994][0x00002464][DEBUG]<[128] - ReceiverStatistics::NotePacketStat> [key]InputDiffR=40000
[2019-07-26 0463.994][0x00002464][DEBUG]<[75] - OuterParam::DoCallback> [key]frameDelayUutR=0
[2019-07-26 0463.994][0x00002464][DEBUG]<[133] - ReceiverStatistics::NotePacketStat> [key]outputDiffR=40000
[2019-07-26 0464.034][0x00002464][DEBUG]<[128] - ReceiverStatistics::NotePacketStat> [key]InputDiffR=40000
[2019-07-26 0464.034][0x00002464][DEBUG]<[75] - OuterParam::DoCallback> [key]frameDelayUutR=0
[2019-07-26 0464.034][0x00002464][DEBUG]<[133] - ReceiverStatistics::NotePacketStat> [key]outputDiffR=40000
[2019-07-26 0464.074][0x00002464][DEBUG]<[128] - ReceiverStatistics::NotePacketStat> [key]InputDiffR=40000
[2019-07-26 0464.074][0x00002464][DEBUG]<[75] - OuterParam::DoCallback> [key]frameDelayUutR=0
[2019-07-26 0464.074][0x00002464][DEBUG]<[133] - ReceiverStatistics::NotePacketStat> [key]outputDiffR=40000
[2019-07-26 0464.114][0x00002464][DEBUG]<[128] - ReceiverStatistics::NotePacketStat> [key]InputDiffR=40000
[2019-07-26 0464.114][0x00002464][DEBUG]<[75] - OuterParam::DoCallback> [key]frameDelayUutR=0
[2019-07-26 0464.114][0x00002464][DEBUG]<[133] - ReceiverStatistics::NotePacketStat> [key]outputDiffR=40000
[2019-07-26 0464.154][0x00002464][DEBUG]<[128] - ReceiverStatistics::NotePacketStat> [key]InputDiffR=40000
[2019-07-26 0464.154][0x00002464][DEBUG]<[75] - OuterParam::DoCallback> [key]frameDelayUutR=0
[2019-07-26 0464.154][0x00002464][DEBUG]<[133] - ReceiverStatistics::NotePacketStat> [key]outputDiffR=40000
[2019-07-26 0464.154][0x00002464][0INFO]<[204] - ReceiverStatisticsWrap::NotePacketStat> [key]realLoss = 0
[2019-07-26 0464.154][0x00002464][0INFO]<[206] - ReceiverStatisticsWrap::NotePacketStat> real jitter = 0
[2019-07-26 0464.194][0x00002464][DEBUG]<[128] - ReceiverStatistics::NotePacketStat> [key]InputDiffR=40000
[2019-07-26 0464.194][0x00002464][DEBUG]<[75] - OuterParam::DoCallback> [key]frameDelayUutR=0
[2019-07-26 0464.194][0x00002464][DEBUG]<[133] - ReceiverStatistics::NotePacketStat> [key]outputDiffR=40000
[2019-07-26 0464.234][0x00002464][DEBUG]<[128] - ReceiverStatistics::NotePacketStat> [key]InputDiffR=40000
[2019-07-26 0464.234][0x00002464][DEBUG]<[75] - OuterParam::DoCallback> [key]frameDelayUutR=0
[2019-07-26 0464.234][0x00002464][DEBUG]<[133] - ReceiverStatistics::NotePacketStat> [key]outputDiffR=40000
[2019-07-26 0464.274][0x00002464][DEBUG]<[128] - ReceiverStatistics::NotePacketStat> [key]InputDiffR=40000
[2019-07-26 0464.274][0x00002464][DEBUG]<[75] - OuterParam::DoCallback> [key]frameDelayUutR=0
[2019-07-26 0464.274][0x00002464][DEBUG]<[133] - ReceiverStatistics::NotePacketStat> [key]outputDiffR=40000
[2019-07-26 0464.314][0x00002464][DEBUG]<[128] - ReceiverStatistics::NotePacketStat> [key]InputDiffR=40000
[2019-07-26 0464.314][0x00002464][DEBUG]<[75] - OuterParam::DoCallback> [key]frameDelayUutR=0
[2019-07-26 0464.314][0x00002464][DEBUG]<[133] - ReceiverStatistics::NotePacketStat> [key]outputDiffR=40000
[2019-07-26 0464.354][0x00002464][DEBUG]<[128] - ReceiverStatistics::NotePacketStat> [key]InputDiffR=40000
[2019-07-26 0464.354][0x00002464][DEBUG]<[75] - OuterParam::DoCallback> [key]frameDelayUutR=0
[2019-07-26 0464.354][0x00002464][DEBUG]<[133] - ReceiverStatistics::NotePacketStat> [key]outputDiffR=40000
[2019-07-26 0464.394][0x00002464][DEBUG]<[128] - ReceiverStatistics::NotePacketStat> [key]InputDiffR=40000
[2019-07-26 0464.394][0x00002464][DEBUG]<[75] - OuterParam::DoCallback> [key]frameDelayUutR=0
[2019-07-26 0464.394][0x00002464][DEBUG]<[133] - ReceiverStatistics::NotePacketStat> [key]outputDiffR=40000
[2019-07-26 0464.434][0x00002464][DEBUG]<[128] - ReceiverStatistics::NotePacketStat> [key]InputDiffR=40000
[2019-07-26 0464.434][0x00002464][DEBUG]<[75] - OuterParam::DoCallback> [key]frameDelayUutR=0
[2019-07-26 0464.434][0x00002464][DEBUG]<[133] - ReceiverStatistics::NotePacketStat> [key]outputDiffR=40000
[2019-07-26 0464.474][0x00002464][DEBUG]<[128] - ReceiverStatistics::NotePacketStat> [key]InputDiffR=40000
[2019-07-26 0464.474][0x00002464][DEBUG]<[75] - OuterParam::DoCallback> [key]frameDelayUutR=0
[2019-07-26 0464.474][0x00002464][DEBUG]<[133] - ReceiverStatistics::NotePacketStat> [key]outputDiffR=40000
[2019-07-26 0464.514][0x00002464][DEBUG]<[128] - ReceiverStatistics::NotePacketStat> [key]InputDiffR=40000
[2019-07-26 0464.514][0x00002464][DEBUG]<[75] - OuterParam::DoCallback> [key]frameDelayUutR=0
[2019-07-26 0464.514][0x00002464][DEBUG]<[133] - ReceiverStatistics::NotePacketStat> [key]outputDiffR=40000
[2019-07-26 0464.554][0x00002464][DEBUG]<[128] - ReceiverStatistics::NotePacketStat> [key]InputDiffR=40000
[2019-07-26 0464.554][0x00002464][DEBUG]<[75] - OuterParam::DoCallback> [key]frameDelayUutR=0
[2019-07-26 0464.554][0x00002464][DEBUG]<[133] - ReceiverStatistics::NotePacketStat> [key]outputDiffR=40000
[2019-07-26 0464.594][0x00002464][DEBUG]<[128] - ReceiverStatistics::NotePacketStat> [key]InputDiffR=40000
[2019-07-26 0464.594][0x00002464][DEBUG]<[75] - OuterParam::DoCallback> [key]frameDelayUutR=0
[2019-07-26 0464.594][0x00002464][DEBUG]<[133] - ReceiverStatistics::NotePacketStat> [key]outputDiffR=40000
[2019-07-26 0464.634][0x00002464][DEBUG]<[128] - ReceiverStatistics::NotePacketStat> [key]InputDiffR=40000
[2019-07-26 0464.634][0x00002464][DEBUG]<[75] - OuterParam::DoCallback> [key]frameDelayUutR=0
[2019-07-26 0464.634][0x00002464][DEBUG]<[133] - ReceiverStatistics::NotePacketStat> [key]outputDiffR=40000
[2019-07-26 0464.674][0x00002464][DEBUG]<[128] - ReceiverStatistics::NotePacketStat> [key]InputDiffR=40000
[2019-07-26 0464.674][0x00002464][DEBUG]<[75] - OuterParam::DoCallback> [key]frameDelayUutR=0
[2019-07-26 0464.674][0x00002464][DEBUG]<[133] - ReceiverStatistics::NotePacketStat> [key]outputDiffR=40000
[2019-07-26 0464.714][0x00002464][DEBUG]<[128] - ReceiverStatistics::NotePacketStat> [key]InputDiffR=40000
[2019-07-26 0464.714][0x00002464][DEBUG]<[75] - OuterParam::DoCallback> [key]frameDelayUutR=0
[2019-07-26 0464.714][0x00002464][DEBUG]<[133] - ReceiverStatistics::NotePacketStat> [key]outputDiffR=40000
[2019-07-26 0464.754][0x00002464][DEBUG]<[128] - ReceiverStatistics::NotePacketStat> [key]InputDiffR=40000
[2019-07-26 0464.754][0x00002464][DEBUG]<[75] - OuterParam::DoCallback> [key]frameDelayUutR=0
[2019-07-26 0464.754][0x00002464][DEBUG]<[133] - ReceiverStatistics::NotePacketStat> [key]outputDiffR=40000
[2019-07-26 0464.794][0x00002464][DEBUG]<[128] - ReceiverStatistics::NotePacketStat> [key]InputDiffR=40000
[2019-07-26 0464.794][0x00002464][DEBUG]<[75] - OuterParam::DoCallback> [key]frameDelayUutR=0
[2019-07-26 0464.794][0x00002464][DEBUG]<[133] - ReceiverStatistics::NotePacketStat> [key]outputDiffR=40000
[2019-07-26 0464.834][0x00002464][DEBUG]<[128] - ReceiverStatistics::NotePacketStat> [key]InputDiffR=40000
[2019-07-26 0464.834][0x00002464][DEBUG]<[75] - OuterParam::DoCallback> [key]frameDelayUutR=0
[2019-07-26 0464.834][0x00002464][DEBUG]<[133] - ReceiverStatistics::NotePacketStat> [key]outputDiffR=40000
[2019-07-26 0464.874][0x00002464][DEBUG]<[128] - ReceiverStatistics::NotePacketStat> [key]InputDiffR=40000
[2019-07-26 0464.874][0x00002464][DEBUG]<[75] - OuterParam::DoCallback> [key]frameDelayUutR=0
[2019-07-26 0464.874][0x00002464][DEBUG]<[133] - ReceiverStatistics::NotePacketStat> [key]outputDiffR=40000
[2019-07-26 0464.914][0x00002464][DEBUG]<[128] - ReceiverStatistics::NotePacketStat> [key]InputDiffR=40000
[2019-07-26 0464.914][0x00002464][DEBUG]<[75] - OuterParam::DoCallback> [key]frameDelayUutR=0
[2019-07-26 0464.914][0x00002464][DEBUG]<[133] - ReceiverStatistics::NotePacketStat> [key]outputDiffR=40000
[2019-07-26 0464.954][0x00002464][DEBUG]<[128] - ReceiverStatistics::NotePacketStat> [key]InputDiffR=40000
[2019-07-26 0464.954][0x00002464][DEBUG]<[75] - OuterParam::DoCallback> [key]frameDelayUutR=0
[2019-07-26 0464.954][0x00002464][DEBUG]<[133] - ReceiverStatistics::NotePacketStat> [key]outputDiffR=40000
[2019-07-26 0464.994][0x00002464][DEBUG]<[128] - ReceiverStatistics::NotePacketStat> [key]InputDiffR=40000
[2019-07-26 0464.994][0x00002464][DEBUG]<[75] - OuterParam::DoCallback> [key]frameDelayUutR=0
[2019-07-26 0464.994][0x00002464][DEBUG]<[133] - ReceiverStatistics::NotePacketStat> [key]outputDiffR=40000
[2019-07-26 0465.034][0x00002464][DEBUG]<[128] - ReceiverStatistics::NotePacketStat> [key]InputDiffR=40000
[2019-07-26 0465.034][0x00002464][DEBUG]<[75] - OuterParam::DoCallback> [key]frameDelayUutR=0
[2019-07-26 0465.034][0x00002464][DEBUG]<[133] - ReceiverStatistics::NotePacketStat> [key]outputDiffR=40000
[2019-07-26 0465.074][0x00002464][DEBUG]<[128] - ReceiverStatistics::NotePacketStat> [key]InputDiffR=40000
[2019-07-26 0465.074][0x00002464][DEBUG]<[75] - OuterParam::DoCallback> [key]frameDelayUutR=0
[2019-07-26 0465.074][0x00002464][DEBUG]<[133] - ReceiverStatistics::NotePacketStat> [key]outputDiffR=40000
[2019-07-26 0465.114][0x00002464][DEBUG]<[128] - ReceiverStatistics::NotePacketStat> [key]InputDiffR=40000
[2019-07-26 0465.114][0x00002464][DEBUG]<[75] - OuterParam::DoCallback> [key]frameDelayUutR=0
[2019-07-26 0465.114][0x00002464][DEBUG]<[133] - ReceiverStatistics::NotePacketStat> [key]outputDiffR=40000
[2019-07-26 0465.154][0x00002464][DEBUG]<[128] - ReceiverStatistics::NotePacketStat> [key]InputDiffR=40000
[2019-07-26 0465.154][0x00002464][DEBUG]<[75] - OuterParam::DoCallback> [key]frameDelayUutR=0
[2019-07-26 0465.154][0x00002464][DEBUG]<[133] - ReceiverStatistics::NotePacketStat> [key]outputDiffR=40000
[2019-07-26 0465.194][0x00002464][DEBUG]<[128] - ReceiverStatistics::NotePacketStat> [key]InputDiffR=40000
[2019-07-26 0465.194][0x00002464][DEBUG]<[75] - OuterParam::DoCallback> [key]frameDelayUutR=0
[2019-07-26 0465.194][0x00002464][DEBUG]<[133] - ReceiverStatistics::NotePacketStat> [key]outputDiffR=40000
[2019-07-26 0465.194][0x00002464][0INFO]<[204] - ReceiverStatisticsWrap::NotePacketStat> [key]realLoss = 0
[2019-07-26 0465.194][0x00002464][0INFO]<[206] - ReceiverStatisticsWrap::NotePacketStat> real jitter = 0
[2019-07-26 0465.234][0x00002464][DEBUG]<[128] - ReceiverStatistics::NotePacketStat> [key]InputDiffR=40000
[2019-07-26 0465.234][0x00002464][DEBUG]<[75] - OuterParam::DoCallback> [key]frameDelayUutR=0
[2019-07-26 0465.234][0x00002464][DEBUG]<[133] - ReceiverStatistics::NotePacketStat> [key]outputDiffR=40000
[2019-07-26 0465.274][0x00002464][DEBUG]<[128] - ReceiverStatistics::NotePacketStat> [key]InputDiffR=40000
[2019-07-26 0465.274][0x00002464][DEBUG]<[75] - OuterParam::DoCallback> [key]frameDelayUutR=0
[2019-07-26 0465.274][0x00002464][DEBUG]<[133] - ReceiverStatistics::NotePacketStat> [key]outputDiffR=40000
[2019-07-26 0465.314][0x00002464][DEBUG]<[128] - ReceiverStatistics::NotePacketStat> [key]InputDiffR=40000
[2019-07-26 0465.314][0x00002464][DEBUG]<[75] - OuterParam::DoCallback> [key]frameDelayUutR=0
[2019-07-26 0465.314][0x00002464][DEBUG]<[133] - ReceiverStatistics::NotePacketStat> [key]outputDiffR=40000
[2019-07-26 0465.354][0x00002464][DEBUG]<[128] - ReceiverStatistics::NotePacketStat> [key]InputDiffR=40000
[2019-07-26 0465.354][0x00002464][DEBUG]<[75] - OuterParam::DoCallback> [key]frameDelayUutR=0
[2019-07-26 0465.354][0x00002464][DEBUG]<[133] - ReceiverStatistics::NotePacketStat> [key]outputDiffR=40000
[2019-07-26 0465.394][0x00002464][DEBUG]<[128] - ReceiverStatistics::NotePacketStat> [key]InputDiffR=40000
[2019-07-26 0465.394][0x00002464][DEBUG]<[75] - OuterParam::DoCallback> [key]frameDelayUutR=0
[2019-07-26 0465.394][0x00002464][DEBUG]<[133] - ReceiverStatistics::NotePacketStat> [key]outputDiffR=40000
[2019-07-26 0465.434][0x00002464][DEBUG]<[128] - ReceiverStatistics::NotePacketStat> [key]InputDiffR=40000
[2019-07-26 0465.434][0x00002464][DEBUG]<[75] - OuterParam::DoCallback> [key]frameDelayUutR=0
[2019-07-26 0465.434][0x00002464][DEBUG]<[133] - ReceiverStatistics::NotePacketStat> [key]outputDiffR=40000
[2019-07-26 0465.474][0x00002464][DEBUG]<[128] - ReceiverStatistics::NotePacketStat> [key]InputDiffR=40000
[2019-07-26 0465.474][0x00002464][DEBUG]<[75] - OuterParam::DoCallback> [key]frameDelayUutR=0
[2019-07-26 0465.474][0x00002464][DEBUG]<[133] - ReceiverStatistics::NotePacketStat> [key]outputDiffR=40000
[2019-07-26 0465.514][0x00002464][DEBUG]<[128] - ReceiverStatistics::NotePacketStat> [key]InputDiffR=40000
[2019-07-26 0465.514][0x00002464][DEBUG]<[75] - OuterParam::DoCallback> [key]frameDelayUutR=0
[2019-07-26 0465.514][0x00002464][DEBUG]<[133] - ReceiverStatistics::NotePacketStat> [key]outputDiffR=40000
[2019-07-26 0465.554][0x00002464][DEBUG]<[128] - ReceiverStatistics::NotePacketStat> [key]InputDiffR=40000
[2019-07-26 0465.554][0x00002464][DEBUG]<[75] - OuterParam::DoCallback> [key]frameDelayUutR=0
[2019-07-26 0465.554][0x00002464][DEBUG]<[133] - ReceiverStatistics::NotePacketStat> [key]outputDiffR=40000
[2019-07-26 0465.594][0x00002464][DEBUG]<[128] - ReceiverStatistics::NotePacketStat> [key]InputDiffR=40000
[2019-07-26 0465.594][0x00002464][DEBUG]<[75] - OuterParam::DoCallback> [key]frameDelayUutR=0
[2019-07-26 0465.594][0x00002464][DEBUG]<[133] - ReceiverStatistics::NotePacketStat> [key]outputDiffR=40000
[2019-07-26 0465.634][0x00002464][DEBUG]<[128] - ReceiverStatistics::NotePacketStat> [key]InputDiffR=40000
[2019-07-26 0465.634][0x00002464][DEBUG]<[75] - OuterParam::DoCallback> [key]frameDelayUutR=0
[2019-07-26 0465.634][0x00002464][DEBUG]<[133] - ReceiverStatistics::NotePacketStat> [key]outputDiffR=40000
[2019-07-26 0465.674][0x00002464][DEBUG]<[128] - ReceiverStatistics::NotePacketStat> [key]InputDiffR=40000
[2019-07-26 0465.674][0x00002464][DEBUG]<[75] - OuterParam::DoCallback> [key]frameDelayUutR=0
[2019-07-26 0465.674][0x00002464][DEBUG]<[133] - ReceiverStatistics::NotePacketStat> [key]outputDiffR=40000
[2019-07-26 0465.714][0x00002464][DEBUG]<[128] - ReceiverStatistics::NotePacketStat> [key]InputDiffR=40000
[2019-07-26 0465.714][0x00002464][DEBUG]<[75] - OuterParam::DoCallback> [key]frameDelayUutR=0
[2019-07-26 0465.714][0x00002464][DEBUG]<[133] - ReceiverStatistics::NotePacketStat> [key]outputDiffR=40000
[2019-07-26 0465.754][0x00002464][DEBUG]<[128] - ReceiverStatistics::NotePacketStat> [key]InputDiffR=40000
[2019-07-26 0465.754][0x00002464][DEBUG]<[75] - OuterParam::DoCallback> [key]frameDelayUutR=0
[2019-07-26 0465.754][0x00002464][DEBUG]<[133] - ReceiverStatistics::NotePacketStat> [key]outputDiffR=40000
[2019-07-26 0465.794][0x00002464][DEBUG]<[128] - ReceiverStatistics::NotePacketStat> [key]InputDiffR=40000
[2019-07-26 0465.794][0x00002464][DEBUG]<[75] - OuterParam::DoCallback> [key]frameDelayUutR=0
[2019-07-26 0465.794][0x00002464][DEBUG]<[133] - ReceiverStatistics::NotePacketStat> [key]outputDiffR=40000
[2019-07-26 0465.834][0x00002464][DEBUG]<[128] - ReceiverStatistics::NotePacketStat> [key]InputDiffR=40000
[2019-07-26 0465.834][0x00002464][DEBUG]<[75] - OuterParam::DoCallback> [key]frameDelayUutR=0
[2019-07-26 0465.834][0x00002464][DEBUG]<[133] - ReceiverStatistics::NotePacketStat> [key]outputDiffR=40000
[2019-07-26 0465.874][0x00002464][DEBUG]<[128] - ReceiverStatistics::NotePacketStat> [key]InputDiffR=40000
[2019-07-26 0465.874][0x00002464][DEBUG]<[75] - OuterParam::DoCallback> [key]frameDelayUutR=0
[2019-07-26 0465.874][0x00002464][DEBUG]<[133] - ReceiverStatistics::NotePacketStat> [key]outputDiffR=40000
[2019-07-26 0465.914][0x00002464][DEBUG]<[128] - ReceiverStatistics::NotePacketStat> [key]InputDiffR=40000
[2019-07-26 0465.914][0x00002464][DEBUG]<[75] - OuterParam::DoCallback> [key]frameDelayUutR=0
[2019-07-26 0465.914][0x00002464][DEBUG]<[133] - ReceiverStatistics::NotePacketStat> [key]outputDiffR=40000
[2019-07-26 0465.954][0x00002464][DEBUG]<[128] - ReceiverStatistics::NotePacketStat> [key]InputDiffR=40000
[2019-07-26 0465.954][0x00002464][DEBUG]<[75] - OuterParam::DoCallback> [key]frameDelayUutR=0
[2019-07-26 0465.954][0x00002464][DEBUG]<[133] - ReceiverStatistics::NotePacketStat> [key]outputDiffR=40000
[2019-07-26 0465.994][0x00002464][DEBUG]<[128] - ReceiverStatistics::NotePacketStat> [key]InputDiffR=40000
[2019-07-26 0465.994][0x00002464][DEBUG]<[75] - OuterParam::DoCallback> [key]frameDelayUutR=0
[2019-07-26 0465.994][0x00002464][DEBUG]<[133] - ReceiverStatistics::NotePacketStat> [key]outputDiffR=40000
[2019-07-26 0466.034][0x00002464][DEBUG]<[128] - ReceiverStatistics::NotePacketStat> [key]InputDiffR=40000
[2019-07-26 0466.034][0x00002464][DEBUG]<[75] - OuterParam::DoCallback> [key]frameDelayUutR=0
[2019-07-26 0466.034][0x00002464][DEBUG]<[133] - ReceiverStatistics::NotePacketStat> [key]outputDiffR=40000
[2019-07-26 0466.074][0x00002464][DEBUG]<[128] - ReceiverStatistics::NotePacketStat> [key]InputDiffR=40000
[2019-07-26 0466.074][0x00002464][DEBUG]<[75] - OuterParam::DoCallback> [key]frameDelayUutR=0
[2019-07-26 0466.074][0x00002464][DEBUG]<[133] - ReceiverStatistics::NotePacketStat> [key]outputDiffR=40000
[2019-07-26 0466.114][0x00002464][DEBUG]<[128] - ReceiverStatistics::NotePacketStat> [key]InputDiffR=40000
[2019-07-26 0466.114][0x00002464][DEBUG]<[75] - OuterParam::DoCallback> [key]frameDelayUutR=0
[2019-07-26 0466.114][0x00002464][DEBUG]<[133] - ReceiverStatistics::NotePacketStat> [key]outputDiffR=40000
[2019-07-26 0466.154][0x00002464][DEBUG]<[128] - ReceiverStatistics::NotePacketStat> [key]InputDiffR=40000
[2019-07-26 0466.154][0x00002464][DEBUG]<[75] - OuterParam::DoCallback> [key]frameDelayUutR=0
[2019-07-26 0466.154][0x00002464][DEBUG]<[133] - ReceiverStatistics::NotePacketStat> [key]outputDiffR=40000
[2019-07-26 0466.195][0x00002464][DEBUG]<[128] - ReceiverStatistics::NotePacketStat> [key]InputDiffR=41000
[2019-07-26 0466.195][0x00002464][DEBUG]<[75] - OuterParam::DoCallback> [key]frameDelayUutR=0
[2019-07-26 0466.195][0x00002464][DEBUG]<[133] - ReceiverStatistics::NotePacketStat> [key]outputDiffR=41000
[2019-07-26 0466.195][0x00002464][0INFO]<[204] - ReceiverStatisticsWrap::NotePacketStat> [key]realLoss = 0
[2019-07-26 0466.195][0x00002464][0INFO]<[206] - ReceiverStatisticsWrap::NotePacketStat> real jitter = 5
[2019-07-26 0466.234][0x00002464][DEBUG]<[128] - ReceiverStatistics::NotePacketStat> [key]InputDiffR=39000
[2019-07-26 0466.234][0x00002464][DEBUG]<[75] - OuterParam::DoCallback> [key]frameDelayUutR=0
[2019-07-26 0466.234][0x00002464][DEBUG]<[133] - ReceiverStatistics::NotePacketStat> [key]outputDiffR=39000
[2019-07-26 0466.274][0x00002464][DEBUG]<[128] - ReceiverStatistics::NotePacketStat> [key]InputDiffR=40000
[2019-07-26 0466.274][0x00002464][DEBUG]<[75] - OuterParam::DoCallback> [key]frameDelayUutR=0
[2019-07-26 0466.274][0x00002464][DEBUG]<[133] - ReceiverStatistics::NotePacketStat> [key]outputDiffR=40000
[2019-07-26 0466.314][0x00002464][DEBUG]<[128] - ReceiverStatistics::NotePacketStat> [key]InputDiffR=40000
[2019-07-26 0466.314][0x00002464][DEBUG]<[75] - OuterParam::DoCallback> [key]frameDelayUutR=0
[2019-07-26 0466.314][0x00002464][DEBUG]<[133] - ReceiverStatistics::NotePacketStat> [key]outputDiffR=40000
[2019-07-26 0466.354][0x00002464][DEBUG]<[128] - ReceiverStatistics::NotePacketStat> [key]InputDiffR=40000
[2019-07-26 0466.354][0x00002464][DEBUG]<[75] - OuterParam::DoCallback> [key]frameDelayUutR=0
[2019-07-26 0466.354][0x00002464][DEBUG]<[133] - ReceiverStatistics::NotePacketStat> [key]outputDiffR=40000
[2019-07-26 0466.394][0x00002464][DEBUG]<[128] - ReceiverStatistics::NotePacketStat> [key]InputDiffR=40000
[2019-07-26 0466.394][0x00002464][DEBUG]<[75] - OuterParam::DoCallback> [key]frameDelayUutR=0
[2019-07-26 0466.394][0x00002464][DEBUG]<[133] - ReceiverStatistics::NotePacketStat> [key]outputDiffR=40000
[2019-07-26 0466.434][0x00002464][DEBUG]<[128] - ReceiverStatistics::NotePacketStat> [key]InputDiffR=40000
[2019-07-26 0466.434][0x00002464][DEBUG]<[75] - OuterParam::DoCallback> [key]frameDelayUutR=0
[2019-07-26 0466.434][0x00002464][DEBUG]<[133] - ReceiverStatistics::NotePacketStat> [key]outputDiffR=40000
[2019-07-26 0466.474][0x00002464][DEBUG]<[128] - ReceiverStatistics::NotePacketStat> [key]InputDiffR=40000
[2019-07-26 0466.474][0x00002464][DEBUG]<[75] - OuterParam::DoCallback> [key]frameDelayUutR=0
[2019-07-26 0466.474][0x00002464][DEBUG]<[133] - ReceiverStatistics::NotePacketStat> [key]outputDiffR=40000
[2019-07-26 0466.514][0x00002464][DEBUG]<[128] - ReceiverStatistics::NotePacketStat> [key]InputDiffR=40000
[2019-07-26 0466.514][0x00002464][DEBUG]<[75] - OuterParam::DoCallback> [key]frameDelayUutR=0
[2019-07-26 0466.514][0x00002464][DEBUG]<[133] - ReceiverStatistics::NotePacketStat> [key]outputDiffR=40000
[2019-07-26 0466.554][0x00002464][DEBUG]<[128] - ReceiverStatistics::NotePacketStat> [key]InputDiffR=40000
[2019-07-26 0466.554][0x00002464][DEBUG]<[75] - OuterParam::DoCallback> [key]frameDelayUutR=0
[2019-07-26 0466.554][0x00002464][DEBUG]<[133] - ReceiverStatistics::NotePacketStat> [key]outputDiffR=40000
[2019-07-26 0466.594][0x00002464][DEBUG]<[128] - ReceiverStatistics::NotePacketStat> [key]InputDiffR=40000
[2019-07-26 0466.594][0x00002464][DEBUG]<[75] - OuterParam::DoCallback> [key]frameDelayUutR=0
[2019-07-26 0466.594][0x00002464][DEBUG]<[133] - ReceiverStatistics::NotePacketStat> [key]outputDiffR=40000
[2019-07-26 0466.634][0x00002464][DEBUG]<[128] - ReceiverStatistics::NotePacketStat> [key]InputDiffR=40000
[2019-07-26 0466.634][0x00002464][DEBUG]<[75] - OuterParam::DoCallback> [key]frameDelayUutR=0
[2019-07-26 0466.634][0x00002464][DEBUG]<[133] - ReceiverStatistics::NotePacketStat> [key]outputDiffR=40000
[2019-07-26 0466.674][0x00002464][DEBUG]<[128] - ReceiverStatistics::NotePacketStat> [key]InputDiffR=40000
[2019-07-26 0466.674][0x00002464][DEBUG]<[75] - OuterParam::DoCallback> [key]frameDelayUutR=0
[2019-07-26 0466.674][0x00002464][DEBUG]<[133] - ReceiverStatistics::NotePacketStat> [key]outputDiffR=40000
[2019-07-26 0466.714][0x00002464][DEBUG]<[128] - ReceiverStatistics::NotePacketStat> [key]InputDiffR=40000
[2019-07-26 0466.714][0x00002464][DEBUG]<[75] - OuterParam::DoCallback> [key]frameDelayUutR=0
[2019-07-26 0466.714][0x00002464][DEBUG]<[133] - ReceiverStatistics::NotePacketStat> [key]outputDiffR=40000
[2019-07-26 0466.754][0x00002464][DEBUG]<[128] - ReceiverStatistics::NotePacketStat> [key]InputDiffR=40000
[2019-07-26 0466.754][0x00002464][DEBUG]<[75] - OuterParam::DoCallback> [key]frameDelayUutR=0
[2019-07-26 0466.754][0x00002464][DEBUG]<[133] - ReceiverStatistics::NotePacketStat> [key]outputDiffR=40000
[2019-07-26 0466.794][0x00002464][DEBUG]<[128] - ReceiverStatistics::NotePacketStat> [key]InputDiffR=40000
[2019-07-26 0466.794][0x00002464][DEBUG]<[75] - OuterParam::DoCallback> [key]frameDelayUutR=0
[2019-07-26 0466.794][0x00002464][DEBUG]<[133] - ReceiverStatistics::NotePacketStat> [key]outputDiffR=40000
[2019-07-26 0466.834][0x00002464][DEBUG]<[128] - ReceiverStatistics::NotePacketStat> [key]InputDiffR=40000
[2019-07-26 0466.834][0x00002464][DEBUG]<[75] - OuterParam::DoCallback> [key]frameDelayUutR=0
[2019-07-26 0466.834][0x00002464][DEBUG]<[133] - ReceiverStatistics::NotePacketStat> [key]outputDiffR=40000
[2019-07-26 0466.874][0x00002464][DEBUG]<[128] - ReceiverStatistics::NotePacketStat> [key]InputDiffR=40000
[2019-07-26 0466.874][0x00002464][DEBUG]<[75] - OuterParam::DoCallback> [key]frameDelayUutR=0
[2019-07-26 0466.874][0x00002464][DEBUG]<[133] - ReceiverStatistics::NotePacketStat> [key]outputDiffR=40000
[2019-07-26 0466.914][0x00002464][DEBUG]<[128] - ReceiverStatistics::NotePacketStat> [key]InputDiffR=40000
[2019-07-26 0466.914][0x00002464][DEBUG]<[75] - OuterParam::DoCallback> [key]frameDelayUutR=0
[2019-07-26 0466.914][0x00002464][DEBUG]<[133] - ReceiverStatistics::NotePacketStat> [key]outputDiffR=40000
[2019-07-26 0466.954][0x00002464][DEBUG]<[128] - ReceiverStatistics::NotePacketStat> [key]InputDiffR=40000
[2019-07-26 0466.954][0x00002464][DEBUG]<[75] - OuterParam::DoCallback> [key]frameDelayUutR=0
[2019-07-26 0466.954][0x00002464][DEBUG]<[133] - ReceiverStatistics::NotePacketStat> [key]outputDiffR=40000
[2019-07-26 0466.982][0x000024f0][0INFO]<[246] - RtcpReceiver::AddRRBlock> [iinfo]jitter =3
[2019-07-26 0466.994][0x00002464][DEBUG]<[128] - ReceiverStatistics::NotePacketStat> [key]InputDiffR=40000
[2019-07-26 0466.994][0x00002464][DEBUG]<[75] - OuterParam::DoCallback> [key]frameDelayUutR=0
[2019-07-26 0466.994][0x00002464][DEBUG]<[133] - ReceiverStatistics::NotePacketStat> [key]outputDiffR=40000
[2019-07-26 0467.034][0x00002464][DEBUG]<[128] - ReceiverStatistics::NotePacketStat> [key]InputDiffR=40000
[2019-07-26 0467.034][0x00002464][DEBUG]<[75] - OuterParam::DoCallback> [key]frameDelayUutR=0
[2019-07-26 0467.034][0x00002464][DEBUG]<[133] - ReceiverStatistics::NotePacketStat> [key]outputDiffR=40000
[2019-07-26 0467.074][0x00002464][DEBUG]<[128] - ReceiverStatistics::NotePacketStat> [key]InputDiffR=40000
[2019-07-26 0467.074][0x00002464][DEBUG]<[75] - OuterParam::DoCallback> [key]frameDelayUutR=0
[2019-07-26 0467.074][0x00002464][DEBUG]<[133] - ReceiverStatistics::NotePacketStat> [key]outputDiffR=40000
[2019-07-26 0467.114][0x00002464][DEBUG]<[128] - ReceiverStatistics::NotePacketStat> [key]InputDiffR=40000
[2019-07-26 0467.114][0x00002464][DEBUG]<[75] - OuterParam::DoCallback> [key]frameDelayUutR=0
[2019-07-26 0467.114][0x00002464][DEBUG]<[133] - ReceiverStatistics::NotePacketStat> [key]outputDiffR=40000
[2019-07-26 0467.154][0x00002464][DEBUG]<[128] - ReceiverStatistics::NotePacketStat> [key]InputDiffR=40000
[2019-07-26 0467.154][0x00002464][DEBUG]<[75] - OuterParam::DoCallback> [key]frameDelayUutR=0
[2019-07-26 0467.154][0x00002464][DEBUG]<[133] - ReceiverStatistics::NotePacketStat> [key]outputDiffR=40000
[2019-07-26 0467.194][0x00002464][DEBUG]<[128] - ReceiverStatistics::NotePacketStat> [key]InputDiffR=40000
[2019-07-26 0467.194][0x00002464][DEBUG]<[75] - OuterParam::DoCallback> [key]frameDelayUutR=0
[2019-07-26 0467.194][0x00002464][DEBUG]<[133] - ReceiverStatistics::NotePacketStat> [key]outputDiffR=40000
[2019-07-26 0467.234][0x00002464][DEBUG]<[128] - ReceiverStatistics::NotePacketStat> [key]InputDiffR=40000
[2019-07-26 0467.234][0x00002464][DEBUG]<[75] - OuterParam::DoCallback> [key]frameDelayUutR=0
[2019-07-26 0467.234][0x00002464][DEBUG]<[133] - ReceiverStatistics::NotePacketStat> [key]outputDiffR=40000
[2019-07-26 0467.234][0x00002464][0INFO]<[204] - ReceiverStatisticsWrap::NotePacketStat> [key]realLoss = 0
[2019-07-26 0467.234][0x00002464][0INFO]<[206] - ReceiverStatisticsWrap::NotePacketStat> real jitter = 2
[2019-07-26 0467.275][0x00002464][DEBUG]<[128] - ReceiverStatistics::NotePacketStat> [key]InputDiffR=41000
[2019-07-26 0467.275][0x00002464][DEBUG]<[75] - OuterParam::DoCallback> [key]frameDelayUutR=0
[2019-07-26 0467.275][0x00002464][DEBUG]<[133] - ReceiverStatistics::NotePacketStat> [key]outputDiffR=41000
[2019-07-26 0467.314][0x00002464][DEBUG]<[128] - ReceiverStatistics::NotePacketStat> [key]InputDiffR=39000
[2019-07-26 0467.314][0x00002464][DEBUG]<[75] - OuterParam::DoCallback> [key]frameDelayUutR=0
[2019-07-26 0467.314][0x00002464][DEBUG]<[133] - ReceiverStatistics::NotePacketStat> [key]outputDiffR=39000
[2019-07-26 0467.354][0x00002464][DEBUG]<[128] - ReceiverStatistics::NotePacketStat> [key]InputDiffR=40000
[2019-07-26 0467.354][0x00002464][DEBUG]<[75] - OuterParam::DoCallback> [key]frameDelayUutR=0
[2019-07-26 0467.354][0x00002464][DEBUG]<[133] - ReceiverStatistics::NotePacketStat> [key]outputDiffR=40000
[2019-07-26 0467.394][0x00002464][DEBUG]<[128] - ReceiverStatistics::NotePacketStat> [key]InputDiffR=40000
[2019-07-26 0467.394][0x00002464][DEBUG]<[75] - OuterParam::DoCallback> [key]frameDelayUutR=0
[2019-07-26 0467.394][0x00002464][DEBUG]<[133] - ReceiverStatistics::NotePacketStat> [key]outputDiffR=40000
[2019-07-26 0467.434][0x00002464][DEBUG]<[128] - ReceiverStatistics::NotePacketStat> [key]InputDiffR=40000
[2019-07-26 0467.434][0x00002464][DEBUG]<[75] - OuterParam::DoCallback> [key]frameDelayUutR=0
[2019-07-26 0467.434][0x00002464][DEBUG]<[133] - ReceiverStatistics::NotePacketStat> [key]outputDiffR=40000
[2019-07-26 0467.474][0x00002464][DEBUG]<[128] - ReceiverStatistics::NotePacketStat> [key]InputDiffR=40000
[2019-07-26 0467.474][0x00002464][DEBUG]<[75] - OuterParam::DoCallback> [key]frameDelayUutR=0
[2019-07-26 0467.474][0x00002464][DEBUG]<[133] - ReceiverStatistics::NotePacketStat> [key]outputDiffR=40000
[2019-07-26 0467.514][0x00002464][DEBUG]<[128] - ReceiverStatistics::NotePacketStat> [key]InputDiffR=40000
[2019-07-26 0467.514][0x00002464][DEBUG]<[75] - OuterParam::DoCallback> [key]frameDelayUutR=0
[2019-07-26 0467.514][0x00002464][DEBUG]<[133] - ReceiverStatistics::NotePacketStat> [key]outputDiffR=40000
[2019-07-26 0467.554][0x00002464][DEBUG]<[128] - ReceiverStatistics::NotePacketStat> [key]InputDiffR=40000
[2019-07-26 0467.554][0x00002464][DEBUG]<[75] - OuterParam::DoCallback> [key]frameDelayUutR=0
[2019-07-26 0467.554][0x00002464][DEBUG]<[133] - ReceiverStatistics::NotePacketStat> [key]outputDiffR=40000
[2019-07-26 0467.594][0x00002464][DEBUG]<[128] - ReceiverStatistics::NotePacketStat> [key]InputDiffR=40000
[2019-07-26 0467.594][0x00002464][DEBUG]<[75] - OuterParam::DoCallback> [key]frameDelayUutR=0
[2019-07-26 0467.594][0x00002464][DEBUG]<[133] - ReceiverStatistics::NotePacketStat> [key]outputDiffR=40000
[2019-07-26 0467.634][0x00002464][DEBUG]<[128] - ReceiverStatistics::NotePacketStat> [key]InputDiffR=40000
[2019-07-26 0467.634][0x00002464][DEBUG]<[75] - OuterParam::DoCallback> [key]frameDelayUutR=0
[2019-07-26 0467.634][0x00002464][DEBUG]<[133] - ReceiverStatistics::NotePacketStat> [key]outputDiffR=40000
[2019-07-26 0467.674][0x00002464][DEBUG]<[128] - ReceiverStatistics::NotePacketStat> [key]InputDiffR=40000
[2019-07-26 0467.674][0x00002464][DEBUG]<[75] - OuterParam::DoCallback> [key]frameDelayUutR=0
[2019-07-26 0467.674][0x00002464][DEBUG]<[133] - ReceiverStatistics::NotePacketStat> [key]outputDiffR=40000
[2019-07-26 0467.714][0x00002464][DEBUG]<[128] - ReceiverStatistics::NotePacketStat> [key]InputDiffR=40000
[2019-07-26 0467.714][0x00002464][DEBUG]<[75] - OuterParam::DoCallback> [key]frameDelayUutR=0
[2019-07-26 0467.714][0x00002464][DEBUG]<[133] - ReceiverStatistics::NotePacketStat> [key]outputDiffR=40000
[2019-07-26 0467.754][0x00002464][DEBUG]<[128] - ReceiverStatistics::NotePacketStat> [key]InputDiffR=40000
[2019-07-26 0467.754][0x00002464][DEBUG]<[75] - OuterParam::DoCallback> [key]frameDelayUutR=0
[2019-07-26 0467.754][0x00002464][DEBUG]<[133] - ReceiverStatistics::NotePacketStat> [key]outputDiffR=40000
[2019-07-26 0467.794][0x00002464][DEBUG]<[128] - ReceiverStatistics::NotePacketStat> [key]InputDiffR=40000
[2019-07-26 0467.794][0x00002464][DEBUG]<[75] - OuterParam::DoCallback> [key]frameDelayUutR=0
[2019-07-26 0467.794][0x00002464][DEBUG]<[133] - ReceiverStatistics::NotePacketStat> [key]outputDiffR=40000
[2019-07-26 0467.834][0x00002464][DEBUG]<[128] - ReceiverStatistics::NotePacketStat> [key]InputDiffR=40000
[2019-07-26 0467.834][0x00002464][DEBUG]<[75] - OuterParam::DoCallback> [key]frameDelayUutR=0
[2019-07-26 0467.834][0x00002464][DEBUG]<[133] - ReceiverStatistics::NotePacketStat> [key]outputDiffR=40000
[2019-07-26 0467.874][0x00002464][DEBUG]<[128] - ReceiverStatistics::NotePacketStat> [key]InputDiffR=40000
[2019-07-26 0467.874][0x00002464][DEBUG]<[75] - OuterParam::DoCallback> [key]frameDelayUutR=0
[2019-07-26 0467.874][0x00002464][DEBUG]<[133] - ReceiverStatistics::NotePacketStat> [key]outputDiffR=40000
[2019-07-26 0467.914][0x00002464][DEBUG]<[128] - ReceiverStatistics::NotePacketStat> [key]InputDiffR=40000
[2019-07-26 0467.914][0x00002464][DEBUG]<[75] - OuterParam::DoCallback> [key]frameDelayUutR=0
[2019-07-26 0467.914][0x00002464][DEBUG]<[133] - ReceiverStatistics::NotePacketStat> [key]outputDiffR=40000
[2019-07-26 0467.954][0x00002464][DEBUG]<[128] - ReceiverStatistics::NotePacketStat> [key]InputDiffR=40000
[2019-07-26 0467.954][0x00002464][DEBUG]<[75] - OuterParam::DoCallback> [key]frameDelayUutR=0
[2019-07-26 0467.954][0x00002464][DEBUG]<[133] - ReceiverStatistics::NotePacketStat> [key]outputDiffR=40000
[2019-07-26 0467.982][0x000024f0][0INFO]<[246] - RtcpReceiver::AddRRBlock> [iinfo]jitter =4
[2019-07-26 0467.994][0x00002464][DEBUG]<[128] - ReceiverStatistics::NotePacketStat> [key]InputDiffR=40000
[2019-07-26 0467.994][0x00002464][DEBUG]<[75] - OuterParam::DoCallback> [key]frameDelayUutR=0
[2019-07-26 0467.994][0x00002464][DEBUG]<[133] - ReceiverStatistics::NotePacketStat> [key]outputDiffR=40000
[2019-07-26 0468.034][0x00002464][DEBUG]<[128] - ReceiverStatistics::NotePacketStat> [key]InputDiffR=40000
[2019-07-26 0468.034][0x00002464][DEBUG]<[75] - OuterParam::DoCallback> [key]frameDelayUutR=0
[2019-07-26 0468.034][0x00002464][DEBUG]<[133] - ReceiverStatistics::NotePacketStat> [key]outputDiffR=40000
[2019-07-26 0468.074][0x00002464][DEBUG]<[128] - ReceiverStatistics::NotePacketStat> [key]InputDiffR=40000
[2019-07-26 0468.074][0x00002464][DEBUG]<[75] - OuterParam::DoCallback> [key]frameDelayUutR=0
[2019-07-26 0468.074][0x00002464][DEBUG]<[133] - ReceiverStatistics::NotePacketStat> [key]outputDiffR=40000
[2019-07-26 0468.114][0x00002464][DEBUG]<[128] - ReceiverStatistics::NotePacketStat> [key]InputDiffR=40000
[2019-07-26 0468.114][0x00002464][DEBUG]<[75] - OuterParam::DoCallback> [key]frameDelayUutR=0
[2019-07-26 0468.114][0x00002464][DEBUG]<[133] - ReceiverStatistics::NotePacketStat> [key]outputDiffR=40000
[2019-07-26 0468.154][0x00002464][DEBUG]<[128] - ReceiverStatistics::NotePacketStat> [key]InputDiffR=40000
[2019-07-26 0468.154][0x00002464][DEBUG]<[75] - OuterParam::DoCallback> [key]frameDelayUutR=0
[2019-07-26 0468.154][0x00002464][DEBUG]<[133] - ReceiverStatistics::NotePacketStat> [key]outputDiffR=40000
[2019-07-26 0468.194][0x00002464][DEBUG]<[128] - ReceiverStatistics::NotePacketStat> [key]InputDiffR=40000
[2019-07-26 0468.194][0x00002464][DEBUG]<[75] - OuterParam::DoCallback> [key]frameDelayUutR=0
[2019-07-26 0468.194][0x00002464][DEBUG]<[133] - ReceiverStatistics::NotePacketStat> [key]outputDiffR=40000
[2019-07-26 0468.234][0x00002464][DEBUG]<[128] - ReceiverStatistics::NotePacketStat> [key]InputDiffR=40000
[2019-07-26 0468.234][0x00002464][DEBUG]<[75] - OuterParam::DoCallback> [key]frameDelayUutR=0
[2019-07-26 0468.234][0x00002464][DEBUG]<[133] - ReceiverStatistics::NotePacketStat> [key]outputDiffR=40000
[2019-07-26 0468.274][0x00002464][DEBUG]<[128] - ReceiverStatistics::NotePacketStat> [key]InputDiffR=40000
[2019-07-26 0468.274][0x00002464][DEBUG]<[75] - OuterParam::DoCallback> [key]frameDelayUutR=0
[2019-07-26 0468.274][0x00002464][DEBUG]<[133] - ReceiverStatistics::NotePacketStat> [key]outputDiffR=40000
[2019-07-26 0468.274][0x00002464][0INFO]<[204] - ReceiverStatisticsWrap::NotePacketStat> [key]realLoss = 0
[2019-07-26 0468.274][0x00002464][0INFO]<[206] - ReceiverStatisticsWrap::NotePacketStat> real jitter = 2
[2019-07-26 0468.314][0x00002464][DEBUG]<[128] - ReceiverStatistics::NotePacketStat> [key]InputDiffR=40000
[2019-07-26 0468.314][0x00002464][DEBUG]<[75] - OuterParam::DoCallback> [key]frameDelayUutR=0
[2019-07-26 0468.314][0x00002464][DEBUG]<[133] - ReceiverStatistics::NotePacketStat> [key]outputDiffR=40000
[2019-07-26 0468.354][0x00002464][DEBUG]<[128] - ReceiverStatistics::NotePacketStat> [key]InputDiffR=40000
[2019-07-26 0468.354][0x00002464][DEBUG]<[75] - OuterParam::DoCallback> [key]frameDelayUutR=0
[2019-07-26 0468.354][0x00002464][DEBUG]<[133] - ReceiverStatistics::NotePacketStat> [key]outputDiffR=40000
[2019-07-26 0468.394][0x00002464][DEBUG]<[128] - ReceiverStatistics::NotePacketStat> [key]InputDiffR=40000
[2019-07-26 0468.394][0x00002464][DEBUG]<[75] - OuterParam::DoCallback> [key]frameDelayUutR=0
[2019-07-26 0468.394][0x00002464][DEBUG]<[133] - ReceiverStatistics::NotePacketStat> [key]outputDiffR=40000
[2019-07-26 0468.434][0x00002464][DEBUG]<[128] - ReceiverStatistics::NotePacketStat> [key]InputDiffR=40000
[2019-07-26 0468.434][0x00002464][DEBUG]<[75] - OuterParam::DoCallback> [key]frameDelayUutR=0
[2019-07-26 0468.434][0x00002464][DEBUG]<[133] - ReceiverStatistics::NotePacketStat> [key]outputDiffR=40000
[2019-07-26 0468.474][0x00002464][DEBUG]<[128] - ReceiverStatistics::NotePacketStat> [key]InputDiffR=40000
[2019-07-26 0468.474][0x00002464][DEBUG]<[75] - OuterParam::DoCallback> [key]frameDelayUutR=0
[2019-07-26 0468.474][0x00002464][DEBUG]<[133] - ReceiverStatistics::NotePacketStat> [key]outputDiffR=40000
[2019-07-26 0468.514][0x00002464][DEBUG]<[128] - ReceiverStatistics::NotePacketStat> [key]InputDiffR=40000
[2019-07-26 0468.514][0x00002464][DEBUG]<[75] - OuterParam::DoCallback> [key]frameDelayUutR=0
[2019-07-26 0468.514][0x00002464][DEBUG]<[133] - ReceiverStatistics::NotePacketStat> [key]outputDiffR=40000
[2019-07-26 0468.554][0x00002464][DEBUG]<[128] - ReceiverStatistics::NotePacketStat> [key]InputDiffR=40000
[2019-07-26 0468.554][0x00002464][DEBUG]<[75] - OuterParam::DoCallback> [key]frameDelayUutR=0
[2019-07-26 0468.554][0x00002464][DEBUG]<[133] - ReceiverStatistics::NotePacketStat> [key]outputDiffR=40000
[2019-07-26 0468.594][0x00002464][DEBUG]<[128] - ReceiverStatistics::NotePacketStat> [key]InputDiffR=40000
[2019-07-26 0468.594][0x00002464][DEBUG]<[75] - OuterParam::DoCallback> [key]frameDelayUutR=0
[2019-07-26 0468.594][0x00002464][DEBUG]<[133] - ReceiverStatistics::NotePacketStat> [key]outputDiffR=40000
[2019-07-26 0468.634][0x00002464][DEBUG]<[128] - ReceiverStatistics::NotePacketStat> [key]InputDiffR=40000
[2019-07-26 0468.634][0x00002464][DEBUG]<[75] - OuterParam::DoCallback> [key]frameDelayUutR=0
[2019-07-26 0468.634][0x00002464][DEBUG]<[133] - ReceiverStatistics::NotePacketStat> [key]outputDiffR=40000
[2019-07-26 0468.674][0x00002464][DEBUG]<[128] - ReceiverStatistics::NotePacketStat> [key]InputDiffR=40000
[2019-07-26 0468.674][0x00002464][DEBUG]<[75] - OuterParam::DoCallback> [key]frameDelayUutR=0
[2019-07-26 0468.674][0x00002464][DEBUG]<[133] - ReceiverStatistics::NotePacketStat> [key]outputDiffR=40000
[2019-07-26 0468.714][0x00002464][DEBUG]<[128] - ReceiverStatistics::NotePacketStat> [key]InputDiffR=40000
[2019-07-26 0468.714][0x00002464][DEBUG]<[75] - OuterParam::DoCallback> [key]frameDelayUutR=0
[2019-07-26 0468.714][0x00002464][DEBUG]<[133] - ReceiverStatistics::NotePacketStat> [key]outputDiffR=40000
[2019-07-26 0468.754][0x00002464][DEBUG]<[128] - ReceiverStatistics::NotePacketStat> [key]InputDiffR=40000
[2019-07-26 0468.754][0x00002464][DEBUG]<[75] - OuterParam::DoCallback> [key]frameDelayUutR=0
[2019-07-26 0468.754][0x00002464][DEBUG]<[133] - ReceiverStatistics::NotePacketStat> [key]outputDiffR=40000
[2019-07-26 0468.794][0x00002464][DEBUG]<[128] - ReceiverStatistics::NotePacketStat> [key]InputDiffR=40000
[2019-07-26 0468.794][0x00002464][DEBUG]<[75] - OuterParam::DoCallback> [key]frameDelayUutR=0
[2019-07-26 0468.794][0x00002464][DEBUG]<[133] - ReceiverStatistics::NotePacketStat> [key]outputDiffR=40000
[2019-07-26 0468.834][0x00002464][DEBUG]<[128] - ReceiverStatistics::NotePacketStat> [key]InputDiffR=40000
[2019-07-26 0468.834][0x00002464][DEBUG]<[75] - OuterParam::DoCallback> [key]frameDelayUutR=0
[2019-07-26 0468.834][0x00002464][DEBUG]<[133] - ReceiverStatistics::NotePacketStat> [key]outputDiffR=40000
[2019-07-26 0468.874][0x00002464][DEBUG]<[128] - ReceiverStatistics::NotePacketStat> [key]InputDiffR=40000
[2019-07-26 0468.874][0x00002464][DEBUG]<[75] - OuterParam::DoCallback> [key]frameDelayUutR=0
[2019-07-26 0468.874][0x00002464][DEBUG]<[133] - ReceiverStatistics::NotePacketStat> [key]outputDiffR=40000
[2019-07-26 0468.914][0x00002464][DEBUG]<[128] - ReceiverStatistics::NotePacketStat> [key]InputDiffR=40000
[2019-07-26 0468.914][0x00002464][DEBUG]<[75] - OuterParam::DoCallback> [key]frameDelayUutR=0
[2019-07-26 0468.914][0x00002464][DEBUG]<[133] - ReceiverStatistics::NotePacketStat> [key]outputDiffR=40000
[2019-07-26 0468.954][0x00002464][DEBUG]<[128] - ReceiverStatistics::NotePacketStat> [key]InputDiffR=40000
[2019-07-26 0468.954][0x00002464][DEBUG]<[75] - OuterParam::DoCallback> [key]frameDelayUutR=0
[2019-07-26 0468.954][0x00002464][DEBUG]<[133] - ReceiverStatistics::NotePacketStat> [key]outputDiffR=40000
[2019-07-26 0468.994][0x00002464][DEBUG]<[128] - ReceiverStatistics::NotePacketStat> [key]InputDiffR=40000
[2019-07-26 0468.994][0x00002464][DEBUG]<[75] - OuterParam::DoCallback> [key]frameDelayUutR=0
[2019-07-26 0468.994][0x00002464][DEBUG]<[133] - ReceiverStatistics::NotePacketStat> [key]outputDiffR=40000
[2019-07-26 0469.034][0x00002464][DEBUG]<[128] - ReceiverStatistics::NotePacketStat> [key]InputDiffR=40000
[2019-07-26 0469.034][0x00002464][DEBUG]<[75] - OuterParam::DoCallback> [key]frameDelayUutR=0
[2019-07-26 0469.034][0x00002464][DEBUG]<[133] - ReceiverStatistics::NotePacketStat> [key]outputDiffR=40000
[2019-07-26 0469.074][0x00002464][DEBUG]<[128] - ReceiverStatistics::NotePacketStat> [key]InputDiffR=40000
[2019-07-26 0469.074][0x00002464][DEBUG]<[75] - OuterParam::DoCallback> [key]frameDelayUutR=0
[2019-07-26 0469.074][0x00002464][DEBUG]<[133] - ReceiverStatistics::NotePacketStat> [key]outputDiffR=40000
[2019-07-26 0469.114][0x00002464][DEBUG]<[128] - ReceiverStatistics::NotePacketStat> [key]InputDiffR=40000
[2019-07-26 0469.114][0x00002464][DEBUG]<[75] - OuterParam::DoCallback> [key]frameDelayUutR=0
[2019-07-26 0469.114][0x00002464][DEBUG]<[133] - ReceiverStatistics::NotePacketStat> [key]outputDiffR=40000
[2019-07-26 0469.154][0x00002464][DEBUG]<[128] - ReceiverStatistics::NotePacketStat> [key]InputDiffR=40000
[2019-07-26 0469.154][0x00002464][DEBUG]<[75] - OuterParam::DoCallback> [key]frameDelayUutR=0
[2019-07-26 0469.154][0x00002464][DEBUG]<[133] - ReceiverStatistics::NotePacketStat> [key]outputDiffR=40000
[2019-07-26 0469.194][0x00002464][DEBUG]<[128] - ReceiverStatistics::NotePacketStat> [key]InputDiffR=40000
[2019-07-26 0469.194][0x00002464][DEBUG]<[75] - OuterParam::DoCallback> [key]frameDelayUutR=0
[2019-07-26 0469.194][0x00002464][DEBUG]<[133] - ReceiverStatistics::NotePacketStat> [key]outputDiffR=40000
[2019-07-26 0469.234][0x00002464][DEBUG]<[128] - ReceiverStatistics::NotePacketStat> [key]InputDiffR=40000
[2019-07-26 0469.234][0x00002464][DEBUG]<[75] - OuterParam::DoCallback> [key]frameDelayUutR=0
[2019-07-26 0469.234][0x00002464][DEBUG]<[133] - ReceiverStatistics::NotePacketStat> [key]outputDiffR=40000
[2019-07-26 0469.274][0x00002464][DEBUG]<[128] - ReceiverStatistics::NotePacketStat> [key]InputDiffR=40000
[2019-07-26 0469.274][0x00002464][DEBUG]<[75] - OuterParam::DoCallback> [key]frameDelayUutR=0
[2019-07-26 0469.274][0x00002464][DEBUG]<[133] - ReceiverStatistics::NotePacketStat> [key]outputDiffR=40000
[2019-07-26 0469.314][0x00002464][DEBUG]<[128] - ReceiverStatistics::NotePacketStat> [key]InputDiffR=40000
[2019-07-26 0469.314][0x00002464][DEBUG]<[75] - OuterParam::DoCallback> [key]frameDelayUutR=0
[2019-07-26 0469.314][0x00002464][DEBUG]<[133] - ReceiverStatistics::NotePacketStat> [key]outputDiffR=40000
[2019-07-26 0469.314][0x00002464][0INFO]<[204] - ReceiverStatisticsWrap::NotePacketStat> [key]realLoss = 0
[2019-07-26 0469.314][0x00002464][0INFO]<[206] - ReceiverStatisticsWrap::NotePacketStat> real jitter = 0
[2019-07-26 0469.354][0x00002464][DEBUG]<[128] - ReceiverStatistics::NotePacketStat> [key]InputDiffR=40000
[2019-07-26 0469.354][0x00002464][DEBUG]<[75] - OuterParam::DoCallback> [key]frameDelayUutR=0
[2019-07-26 0469.354][0x00002464][DEBUG]<[133] - ReceiverStatistics::NotePacketStat> [key]outputDiffR=40000
[2019-07-26 0469.394][0x00002464][DEBUG]<[128] - ReceiverStatistics::NotePacketStat> [key]InputDiffR=40000
[2019-07-26 0469.394][0x00002464][DEBUG]<[75] - OuterParam::DoCallback> [key]frameDelayUutR=0
[2019-07-26 0469.394][0x00002464][DEBUG]<[133] - ReceiverStatistics::NotePacketStat> [key]outputDiffR=40000
[2019-07-26 0469.434][0x00002464][DEBUG]<[128] - ReceiverStatistics::NotePacketStat> [key]InputDiffR=40000
[2019-07-26 0469.434][0x00002464][DEBUG]<[75] - OuterParam::DoCallback> [key]frameDelayUutR=0
[2019-07-26 0469.434][0x00002464][DEBUG]<[133] - ReceiverStatistics::NotePacketStat> [key]outputDiffR=40000
[2019-07-26 0469.474][0x00002464][DEBUG]<[128] - ReceiverStatistics::NotePacketStat> [key]InputDiffR=40000
[2019-07-26 0469.474][0x00002464][DEBUG]<[75] - OuterParam::DoCallback> [key]frameDelayUutR=0
[2019-07-26 0469.474][0x00002464][DEBUG]<[133] - ReceiverStatistics::NotePacketStat> [key]outputDiffR=40000
[2019-07-26 0469.514][0x00002464][DEBUG]<[128] - ReceiverStatistics::NotePacketStat> [key]InputDiffR=40000
[2019-07-26 0469.514][0x00002464][DEBUG]<[75] - OuterParam::DoCallback> [key]frameDelayUutR=0
[2019-07-26 0469.514][0x00002464][DEBUG]<[133] - ReceiverStatistics::NotePacketStat> [key]outputDiffR=40000
[2019-07-26 0469.554][0x00002464][DEBUG]<[128] - ReceiverStatistics::NotePacketStat> [key]InputDiffR=40000
[2019-07-26 0469.554][0x00002464][DEBUG]<[75] - OuterParam::DoCallback> [key]frameDelayUutR=0
[2019-07-26 0469.554][0x00002464][DEBUG]<[133] - ReceiverStatistics::NotePacketStat> [key]outputDiffR=40000
[2019-07-26 0469.594][0x00002464][DEBUG]<[128] - ReceiverStatistics::NotePacketStat> [key]InputDiffR=40000
[2019-07-26 0469.594][0x00002464][DEBUG]<[75] - OuterParam::DoCallback> [key]frameDelayUutR=0
[2019-07-26 0469.594][0x00002464][DEBUG]<[133] - ReceiverStatistics::NotePacketStat> [key]outputDiffR=40000
[2019-07-26 0469.634][0x00002464][DEBUG]<[128] - ReceiverStatistics::NotePacketStat> [key]InputDiffR=40000
[2019-07-26 0469.634][0x00002464][DEBUG]<[75] - OuterParam::DoCallback> [key]frameDelayUutR=0
[2019-07-26 0469.634][0x00002464][DEBUG]<[133] - ReceiverStatistics::NotePacketStat> [key]outputDiffR=40000
[2019-07-26 0469.674][0x00002464][DEBUG]<[128] - ReceiverStatistics::NotePacketStat> [key]InputDiffR=40000
[2019-07-26 0469.674][0x00002464][DEBUG]<[75] - OuterParam::DoCallback> [key]frameDelayUutR=0
[2019-07-26 0469.674][0x00002464][DEBUG]<[133] - ReceiverStatistics::NotePacketStat> [key]outputDiffR=40000
[2019-07-26 0469.714][0x00002464][DEBUG]<[128] - ReceiverStatistics::NotePacketStat> [key]InputDiffR=40000
[2019-07-26 0469.714][0x00002464][DEBUG]<[75] - OuterParam::DoCallback> [key]frameDelayUutR=0
[2019-07-26 0469.714][0x00002464][DEBUG]<[133] - ReceiverStatistics::NotePacketStat> [key]outputDiffR=40000
[2019-07-26 0469.754][0x00002464][DEBUG]<[128] - ReceiverStatistics::NotePacketStat> [key]InputDiffR=40000
[2019-07-26 0469.754][0x00002464][DEBUG]<[75] - OuterParam::DoCallback> [key]frameDelayUutR=0
[2019-07-26 0469.754][0x00002464][DEBUG]<[133] - ReceiverStatistics::NotePacketStat> [key]outputDiffR=40000
[2019-07-26 0469.794][0x00002464][DEBUG]<[128] - ReceiverStatistics::NotePacketStat> [key]InputDiffR=40000
[2019-07-26 0469.794][0x00002464][DEBUG]<[75] - OuterParam::DoCallback> [key]frameDelayUutR=0
[2019-07-26 0469.794][0x00002464][DEBUG]<[133] - ReceiverStatistics::NotePacketStat> [key]outputDiffR=40000
[2019-07-26 0469.834][0x00002464][DEBUG]<[128] - ReceiverStatistics::NotePacketStat> [key]InputDiffR=40000
[2019-07-26 0469.834][0x00002464][DEBUG]<[75] - OuterParam::DoCallback> [key]frameDelayUutR=0
[2019-07-26 0469.834][0x00002464][DEBUG]<[133] - ReceiverStatistics::NotePacketStat> [key]outputDiffR=40000
[2019-07-26 0469.874][0x00002464][DEBUG]<[128] - ReceiverStatistics::NotePacketStat> [key]InputDiffR=40000
[2019-07-26 0469.874][0x00002464][DEBUG]<[75] - OuterParam::DoCallback> [key]frameDelayUutR=0
[2019-07-26 0469.874][0x00002464][DEBUG]<[133] - ReceiverStatistics::NotePacketStat> [key]outputDiffR=40000
[2019-07-26 0469.914][0x00002464][DEBUG]<[128] - ReceiverStatistics::NotePacketStat> [key]InputDiffR=40000
[2019-07-26 0469.914][0x00002464][DEBUG]<[75] - OuterParam::DoCallback> [key]frameDelayUutR=0
[2019-07-26 0469.914][0x00002464][DEBUG]<[133] - ReceiverStatistics::NotePacketStat> [key]outputDiffR=40000
[2019-07-26 0469.954][0x00002464][DEBUG]<[128] - ReceiverStatistics::NotePacketStat> [key]InputDiffR=40000
[2019-07-26 0469.954][0x00002464][DEBUG]<[75] - OuterParam::DoCallback> [key]frameDelayUutR=0
[2019-07-26 0469.954][0x00002464][DEBUG]<[133] - ReceiverStatistics::NotePacketStat> [key]outputDiffR=40000
[2019-07-26 0469.994][0x00002464][DEBUG]<[128] - ReceiverStatistics::NotePacketStat> [key]InputDiffR=40000
[2019-07-26 0469.994][0x00002464][DEBUG]<[75] - OuterParam::DoCallback> [key]frameDelayUutR=0
[2019-07-26 0469.994][0x00002464][DEBUG]<[133] - ReceiverStatistics::NotePacketStat> [key]outputDiffR=40000
[2019-07-26 0470.034][0x00002464][DEBUG]<[128] - ReceiverStatistics::NotePacketStat> [key]InputDiffR=40000
[2019-07-26 0470.034][0x00002464][DEBUG]<[75] - OuterParam::DoCallback> [key]frameDelayUutR=0
[2019-07-26 0470.034][0x00002464][DEBUG]<[133] - ReceiverStatistics::NotePacketStat> [key]outputDiffR=40000
[2019-07-26 0470.074][0x00002464][DEBUG]<[128] - ReceiverStatistics::NotePacketStat> [key]InputDiffR=40000
[2019-07-26 0470.074][0x00002464][DEBUG]<[75] - OuterParam::DoCallback> [key]frameDelayUutR=0
[2019-07-26 0470.074][0x00002464][DEBUG]<[133] - ReceiverStatistics::NotePacketStat> [key]outputDiffR=40000
[2019-07-26 0470.114][0x00002464][DEBUG]<[128] - ReceiverStatistics::NotePacketStat> [key]InputDiffR=40000
[2019-07-26 0470.114][0x00002464][DEBUG]<[75] - OuterParam::DoCallback> [key]frameDelayUutR=0
[2019-07-26 0470.114][0x00002464][DEBUG]<[133] - ReceiverStatistics::NotePacketStat> [key]outputDiffR=40000
[2019-07-26 0470.154][0x00002464][DEBUG]<[128] - ReceiverStatistics::NotePacketStat> [key]InputDiffR=40000
[2019-07-26 0470.154][0x00002464][DEBUG]<[75] - OuterParam::DoCallback> [key]frameDelayUutR=0
[2019-07-26 0470.154][0x00002464][DEBUG]<[133] - ReceiverStatistics::NotePacketStat> [key]outputDiffR=40000
[2019-07-26 0470.194][0x00002464][DEBUG]<[128] - ReceiverStatistics::NotePacketStat> [key]InputDiffR=40000
[2019-07-26 0470.194][0x00002464][DEBUG]<[75] - OuterParam::DoCallback> [key]frameDelayUutR=0
[2019-07-26 0470.194][0x00002464][DEBUG]<[133] - ReceiverStatistics::NotePacketStat> [key]outputDiffR=40000
[2019-07-26 0470.234][0x00002464][DEBUG]<[128] - ReceiverStatistics::NotePacketStat> [key]InputDiffR=40000
[2019-07-26 0470.234][0x00002464][DEBUG]<[75] - OuterParam::DoCallback> [key]frameDelayUutR=0
[2019-07-26 0470.234][0x00002464][DEBUG]<[133] - ReceiverStatistics::NotePacketStat> [key]outputDiffR=40000
[2019-07-26 0470.274][0x00002464][DEBUG]<[128] - ReceiverStatistics::NotePacketStat> [key]InputDiffR=40000
[2019-07-26 0470.274][0x00002464][DEBUG]<[75] - OuterParam::DoCallback> [key]frameDelayUutR=0
[2019-07-26 0470.274][0x00002464][DEBUG]<[133] - ReceiverStatistics::NotePacketStat> [key]outputDiffR=40000
[2019-07-26 0470.314][0x00002464][DEBUG]<[128] - ReceiverStatistics::NotePacketStat> [key]InputDiffR=40000
[2019-07-26 0470.314][0x00002464][DEBUG]<[75] - OuterParam::DoCallback> [key]frameDelayUutR=0
[2019-07-26 0470.314][0x00002464][DEBUG]<[133] - ReceiverStatistics::NotePacketStat> [key]outputDiffR=40000
[2019-07-26 0470.354][0x00002464][DEBUG]<[128] - ReceiverStatistics::NotePacketStat> [key]InputDiffR=40000
[2019-07-26 0470.354][0x00002464][DEBUG]<[75] - OuterParam::DoCallback> [key]frameDelayUutR=0
[2019-07-26 0470.354][0x00002464][DEBUG]<[133] - ReceiverStatistics::NotePacketStat> [key]outputDiffR=40000
[2019-07-26 0470.354][0x00002464][0INFO]<[204] - ReceiverStatisticsWrap::NotePacketStat> [key]realLoss = 0
[2019-07-26 0470.354][0x00002464][0INFO]<[206] - ReceiverStatisticsWrap::NotePacketStat> real jitter = 0
[2019-07-26 0470.394][0x00002464][DEBUG]<[128] - ReceiverStatistics::NotePacketStat> [key]InputDiffR=40000
[2019-07-26 0470.394][0x00002464][DEBUG]<[75] - OuterParam::DoCallback> [key]frameDelayUutR=0
[2019-07-26 0470.394][0x00002464][DEBUG]<[133] - ReceiverStatistics::NotePacketStat> [key]outputDiffR=40000
[2019-07-26 0470.434][0x00002464][DEBUG]<[128] - ReceiverStatistics::NotePacketStat> [key]InputDiffR=40000
[2019-07-26 0470.434][0x00002464][DEBUG]<[75] - OuterParam::DoCallback> [key]frameDelayUutR=0
[2019-07-26 0470.434][0x00002464][DEBUG]<[133] - ReceiverStatistics::NotePacketStat> [key]outputDiffR=40000
[2019-07-26 0470.474][0x00002464][DEBUG]<[128] - ReceiverStatistics::NotePacketStat> [key]InputDiffR=40000
[2019-07-26 0470.474][0x00002464][DEBUG]<[75] - OuterParam::DoCallback> [key]frameDelayUutR=0
[2019-07-26 0470.474][0x00002464][DEBUG]<[133] - ReceiverStatistics::NotePacketStat> [key]outputDiffR=40000
[2019-07-26 0470.514][0x00002464][DEBUG]<[128] - ReceiverStatistics::NotePacketStat> [key]InputDiffR=40000
[2019-07-26 0470.514][0x00002464][DEBUG]<[75] - OuterParam::DoCallback> [key]frameDelayUutR=0
[2019-07-26 0470.514][0x00002464][DEBUG]<[133] - ReceiverStatistics::NotePacketStat> [key]outputDiffR=40000
[2019-07-26 0470.554][0x00002464][DEBUG]<[128] - ReceiverStatistics::NotePacketStat> [key]InputDiffR=40000
[2019-07-26 0470.554][0x00002464][DEBUG]<[75] - OuterParam::DoCallback> [key]frameDelayUutR=0
[2019-07-26 0470.554][0x00002464][DEBUG]<[133] - ReceiverStatistics::NotePacketStat> [key]outputDiffR=40000
[2019-07-26 0470.594][0x00002464][DEBUG]<[128] - ReceiverStatistics::NotePacketStat> [key]InputDiffR=40000
[2019-07-26 0470.594][0x00002464][DEBUG]<[75] - OuterParam::DoCallback> [key]frameDelayUutR=0
[2019-07-26 0470.594][0x00002464][DEBUG]<[133] - ReceiverStatistics::NotePacketStat> [key]outputDiffR=40000
[2019-07-26 0470.634][0x00002464][DEBUG]<[128] - ReceiverStatistics::NotePacketStat> [key]InputDiffR=40000
[2019-07-26 0470.634][0x00002464][DEBUG]<[75] - OuterParam::DoCallback> [key]frameDelayUutR=0
[2019-07-26 0470.634][0x00002464][DEBUG]<[133] - ReceiverStatistics::NotePacketStat> [key]outputDiffR=40000
[2019-07-26 0470.674][0x00002464][DEBUG]<[128] - ReceiverStatistics::NotePacketStat> [key]InputDiffR=40000
[2019-07-26 0470.674][0x00002464][DEBUG]<[75] - OuterParam::DoCallback> [key]frameDelayUutR=0
[2019-07-26 0470.674][0x00002464][DEBUG]<[133] - ReceiverStatistics::NotePacketStat> [key]outputDiffR=40000
[2019-07-26 0470.714][0x00002464][DEBUG]<[128] - ReceiverStatistics::NotePacketStat> [key]InputDiffR=40000
[2019-07-26 0470.714][0x00002464][DEBUG]<[75] - OuterParam::DoCallback> [key]frameDelayUutR=0
[2019-07-26 0470.714][0x00002464][DEBUG]<[133] - ReceiverStatistics::NotePacketStat> [key]outputDiffR=40000
[2019-07-26 0470.754][0x00002464][DEBUG]<[128] - ReceiverStatistics::NotePacketStat> [key]InputDiffR=40000
[2019-07-26 0470.754][0x00002464][DEBUG]<[75] - OuterParam::DoCallback> [key]frameDelayUutR=0
[2019-07-26 0470.754][0x00002464][DEBUG]<[133] - ReceiverSta