e:\tpr\project\vs2008\release\vc141.pdb
e:\tpr\project\vs2008\release\hpr.obj
e:\tpr\project\vs2008\release\tpr_time.obj
e:\tpr\project\vs2008\release\tpr_thread.obj
e:\tpr\project\vs2008\release\tpr_mutex.obj
e:\tpr\project\vs2008\release\tpr_utils.obj
e:\tpr\project\vs2008\release\tpr_tpr.obj
e:\tpr\project\vs2008\release\tpr_socket.obj
e:\tpr\project\vs2008\release\tpr_select.obj
e:\tpr\project\vs2008\release\tpr_addr.obj
e:\tpr\project\vs2008\release\tpr_semaphore.obj
e:\tpr\bin\hpr.lib
e:\tpr\bin\hpr.exp
e:\tpr\bin\hpr.ipdb
e:\tpr\bin\hpr.iobj
e:\tpr\bin\hpr.dll
e:\tpr\bin\hpr.pdb
e:\tpr\project\vs2008\\..\..\bin\hpr.pdb
e:\tpr\project\vs2008\\..\..\bin\hpr.dll
e:\tpr\project\vs2008\release\hpr.tlog\cl.command.1.tlog
e:\tpr\project\vs2008\release\hpr.tlog\cl.read.1.tlog
e:\tpr\project\vs2008\release\hpr.tlog\cl.write.1.tlog
e:\tpr\project\vs2008\release\hpr.tlog\hpr.write.1u.tlog
e:\tpr\project\vs2008\release\hpr.tlog\link.command.1.tlog
e:\tpr\project\vs2008\release\hpr.tlog\link.delete.1.tlog
e:\tpr\project\vs2008\release\hpr.tlog\link.read.1.tlog
e:\tpr\project\vs2008\release\hpr.tlog\link.write.1.tlog
